<?xml version="1.0" encoding="UTF-8"?>
<coverage generated="1623990269789" clover="3.2.0">
  <project timestamp="1623990269789" name="All files">
    <metrics statements="34" coveredstatements="26" conditionals="8" coveredconditionals="4" methods="12" coveredmethods="8" elements="54" coveredelements="38" complexity="0" loc="34" ncloc="34" packages="1" files="6" classes="6"/>
    <file name="App.js" path="/Users/tengqu/dev/react/cisc699/src/App.js">
      <metrics statements="5" coveredstatements="1" conditionals="4" coveredconditionals="0" methods="1" coveredmethods="0"/>
      <line num="9" count="1" type="stmt"/>
      <line num="10" count="0" type="stmt"/>
      <line num="11" count="0" type="cond" truecount="0" falsecount="2"/>
      <line num="12" count="0" type="cond" truecount="0" falsecount="2"/>
      <line num="13" count="0" type="stmt"/>
    </file>
    <file name="Child.js" path="/Users/tengqu/dev/react/cisc699/src/Child.js">
      <metrics statements="6" coveredstatements="6" conditionals="0" coveredconditionals="0" methods="2" coveredmethods="2"/>
      <line num="4" count="3" type="stmt"/>
      <line num="5" count="2" type="stmt"/>
      <line num="6" count="2" type="stmt"/>
      <line num="7" count="2" type="stmt"/>
      <line num="8" count="2" type="stmt"/>
      <line num="11" count="2" type="stmt"/>
    </file>
    <file name="Header.js" path="/Users/tengqu/dev/react/cisc699/src/Header.js">
      <metrics statements="2" coveredstatements="2" conditionals="0" coveredconditionals="0" methods="1" coveredmethods="1"/>
      <line num="4" count="3" type="stmt"/>
      <line num="5" count="6" type="stmt"/>
    </file>
    <file name="Loading.js" path="/Users/tengqu/dev/react/cisc699/src/Loading.js">
      <metrics statements="2" coveredstatements="2" conditionals="0" coveredconditionals="0" methods="1" coveredmethods="1"/>
      <line num="4" count="1" type="stmt"/>
      <line num="5" count="1" type="stmt"/>
    </file>
    <file name="Login.js" path="/Users/tengqu/dev/react/cisc699/src/Login.js">
      <metrics statements="4" coveredstatements="3" conditionals="0" coveredconditionals="0" methods="2" coveredmethods="1"/>
      <line num="5" count="1" type="stmt"/>
      <line num="6" count="1" type="stmt"/>
      <line num="7" count="0" type="stmt"/>
      <line num="9" count="1" type="stmt"/>
    </file>
    <file name="Parent.js" path="/Users/tengqu/dev/react/cisc699/src/Parent.js">
      <metrics statements="15" coveredstatements="12" conditionals="4" coveredconditionals="4" methods="5" coveredmethods="3"/>
      <line num="8" count="2" type="stmt"/>
      <line num="9" count="5" type="stmt"/>
      <line num="10" count="5" type="stmt"/>
      <line num="11" count="5" type="stmt"/>
      <line num="12" count="5" type="stmt"/>
      <line num="14" count="5" type="stmt"/>
      <line num="15" count="4" type="stmt"/>
      <line num="18" count="5" type="stmt"/>
      <line num="19" count="0" type="stmt"/>
      <line num="22" count="5" type="stmt"/>
      <line num="23" count="0" type="stmt"/>
      <line num="24" count="0" type="stmt"/>
      <line num="27" count="5" type="stmt"/>
      <line num="28" count="1" type="stmt"/>
      <line num="30" count="5" type="stmt"/>
    </file>
  </project>
</coverage>
