{"/Users/tengqu/dev/react/cisc699/src/App.js": {"path":"/Users/tengqu/dev/react/cisc699/src/App.js","statementMap":{"0":{"start":{"line":9,"column":12},"end":{"line":14,"column":1}},"1":{"start":{"line":10,"column":26},"end":{"line":10,"column":44}},"2":{"start":{"line":11,"column":2},"end":{"line":11,"column":30}},"3":{"start":{"line":11,"column":13},"end":{"line":11,"column":30}},"4":{"start":{"line":12,"column":2},"end":{"line":12,"column":34}},"5":{"start":{"line":12,"column":15},"end":{"line":12,"column":34}},"6":{"start":{"line":13,"column":2},"end":{"line":13,"column":32}}},"fnMap":{"0":{"name":"(anonymous_0)","decl":{"start":{"line":9,"column":12},"end":{"line":9,"column":13}},"loc":{"start":{"line":9,"column":18},"end":{"line":14,"column":1}},"line":9}},"branchMap":{"0":{"loc":{"start":{"line":11,"column":2},"end":{"line":11,"column":30}},"type":"if","locations":[{"start":{"line":11,"column":2},"end":{"line":11,"column":30}},{"start":{"line":11,"column":2},"end":{"line":11,"column":30}}],"line":11},"1":{"loc":{"start":{"line":12,"column":2},"end":{"line":12,"column":34}},"type":"if","locations":[{"start":{"line":12,"column":2},"end":{"line":12,"column":34}},{"start":{"line":12,"column":2},"end":{"line":12,"column":34}}],"line":12}},"s":{"0":1,"1":0,"2":0,"3":0,"4":0,"5":0,"6":0},"f":{"0":0},"b":{"0":[0,0],"1":[0,0]},"_coverageSchema":"1a1c01bbd47fc00a2c39e90264f33305004495a9","hash":"eb5460b51c63d2430fcea11e7e055596f3417793"}
,"/Users/tengqu/dev/react/cisc699/src/Child.js": {"path":"/Users/tengqu/dev/react/cisc699/src/Child.js","statementMap":{"0":{"start":{"line":4,"column":14},"end":{"line":17,"column":11}},"1":{"start":{"line":5,"column":28},"end":{"line":5,"column":33}},"2":{"start":{"line":6,"column":21},"end":{"line":6,"column":30}},"3":{"start":{"line":7,"column":4},"end":{"line":10,"column":6}},"4":{"start":{"line":8,"column":8},"end":{"line":8,"column":48}},"5":{"start":{"line":11,"column":4},"end":{"line":16,"column":5}}},"fnMap":{"0":{"name":"(anonymous_0)","decl":{"start":{"line":4,"column":19},"end":{"line":4,"column":20}},"loc":{"start":{"line":4,"column":30},"end":{"line":17,"column":1}},"line":4},"1":{"name":"(anonymous_1)","decl":{"start":{"line":7,"column":14},"end":{"line":7,"column":15}},"loc":{"start":{"line":7,"column":20},"end":{"line":10,"column":5}},"line":7}},"branchMap":{},"s":{"0":3,"1":2,"2":2,"3":2,"4":2,"5":2},"f":{"0":2,"1":2},"b":{},"_coverageSchema":"1a1c01bbd47fc00a2c39e90264f33305004495a9","hash":"91d28e50f33fc7ead8b5e4a0cb470010457be6b9"}
,"/Users/tengqu/dev/react/cisc699/src/Header.js": {"path":"/Users/tengqu/dev/react/cisc699/src/Header.js","statementMap":{"0":{"start":{"line":4,"column":15},"end":{"line":11,"column":1}},"1":{"start":{"line":5,"column":4},"end":{"line":10,"column":5}}},"fnMap":{"0":{"name":"(anonymous_0)","decl":{"start":{"line":4,"column":15},"end":{"line":4,"column":16}},"loc":{"start":{"line":4,"column":29},"end":{"line":11,"column":1}},"line":4}},"branchMap":{},"s":{"0":3,"1":6},"f":{"0":6},"b":{},"_coverageSchema":"1a1c01bbd47fc00a2c39e90264f33305004495a9","hash":"11edaddfa7ec62ea7d953340e5e1486fe71cc060"}
,"/Users/tengqu/dev/react/cisc699/src/Loading.js": {"path":"/Users/tengqu/dev/react/cisc699/src/Loading.js","statementMap":{"0":{"start":{"line":4,"column":16},"end":{"line":10,"column":1}},"1":{"start":{"line":5,"column":2},"end":{"line":9,"column":4}}},"fnMap":{"0":{"name":"(anonymous_0)","decl":{"start":{"line":4,"column":16},"end":{"line":4,"column":17}},"loc":{"start":{"line":4,"column":22},"end":{"line":10,"column":1}},"line":4}},"branchMap":{},"s":{"0":1,"1":1},"f":{"0":1},"b":{},"_coverageSchema":"1a1c01bbd47fc00a2c39e90264f33305004495a9","hash":"0ea0d02f7c02cb5bc6467325d0e2bfc51c476f93"}
,"/Users/tengqu/dev/react/cisc699/src/Login.js": {"path":"/Users/tengqu/dev/react/cisc699/src/Login.js","statementMap":{"0":{"start":{"line":5,"column":14},"end":{"line":22,"column":1}},"1":{"start":{"line":6,"column":17},"end":{"line":8,"column":3}},"2":{"start":{"line":7,"column":4},"end":{"line":7,"column":48}},"3":{"start":{"line":9,"column":2},"end":{"line":21,"column":4}}},"fnMap":{"0":{"name":"(anonymous_0)","decl":{"start":{"line":5,"column":14},"end":{"line":5,"column":15}},"loc":{"start":{"line":5,"column":20},"end":{"line":22,"column":1}},"line":5},"1":{"name":"(anonymous_1)","decl":{"start":{"line":6,"column":17},"end":{"line":6,"column":18}},"loc":{"start":{"line":6,"column":23},"end":{"line":8,"column":3}},"line":6}},"branchMap":{},"s":{"0":1,"1":1,"2":0,"3":1},"f":{"0":1,"1":0},"b":{},"_coverageSchema":"1a1c01bbd47fc00a2c39e90264f33305004495a9","hash":"122fc8872d641ce5fe02a949aa6e6bf3cea8af10"}
,"/Users/tengqu/dev/react/cisc699/src/Parent.js": {"path":"/Users/tengqu/dev/react/cisc699/src/Parent.js","statementMap":{"0":{"start":{"line":8,"column":15},"end":{"line":51,"column":1}},"1":{"start":{"line":9,"column":32},"end":{"line":9,"column":43}},"2":{"start":{"line":10,"column":28},"end":{"line":10,"column":40}},"3":{"start":{"line":11,"column":40},"end":{"line":11,"column":55}},"4":{"start":{"line":12,"column":15},"end":{"line":12,"column":24}},"5":{"start":{"line":14,"column":2},"end":{"line":16,"column":9}},"6":{"start":{"line":15,"column":4},"end":{"line":15,"column":30}},"7":{"start":{"line":18,"column":29},"end":{"line":20,"column":3}},"8":{"start":{"line":19,"column":4},"end":{"line":19,"column":28}},"9":{"start":{"line":22,"column":24},"end":{"line":25,"column":3}},"10":{"start":{"line":23,"column":18},"end":{"line":23,"column":32}},"11":{"start":{"line":24,"column":4},"end":{"line":24,"column":20}},"12":{"start":{"line":27,"column":23},"end":{"line":29,"column":3}},"13":{"start":{"line":28,"column":4},"end":{"line":28,"column":33}},"14":{"start":{"line":30,"column":2},"end":{"line":50,"column":4}}},"fnMap":{"0":{"name":"(anonymous_0)","decl":{"start":{"line":8,"column":15},"end":{"line":8,"column":16}},"loc":{"start":{"line":8,"column":29},"end":{"line":51,"column":1}},"line":8},"1":{"name":"(anonymous_1)","decl":{"start":{"line":14,"column":12},"end":{"line":14,"column":13}},"loc":{"start":{"line":14,"column":18},"end":{"line":16,"column":3}},"line":14},"2":{"name":"(anonymous_2)","decl":{"start":{"line":18,"column":29},"end":{"line":18,"column":30}},"loc":{"start":{"line":18,"column":35},"end":{"line":20,"column":3}},"line":18},"3":{"name":"(anonymous_3)","decl":{"start":{"line":22,"column":24},"end":{"line":22,"column":25}},"loc":{"start":{"line":22,"column":31},"end":{"line":25,"column":3}},"line":22},"4":{"name":"(anonymous_4)","decl":{"start":{"line":27,"column":23},"end":{"line":27,"column":24}},"loc":{"start":{"line":27,"column":29},"end":{"line":29,"column":3}},"line":27}},"branchMap":{"0":{"loc":{"start":{"line":35,"column":11},"end":{"line":35,"column":62}},"type":"cond-expr","locations":[{"start":{"line":35,"column":25},"end":{"line":35,"column":43}},{"start":{"line":35,"column":46},"end":{"line":35,"column":62}}],"line":35},"1":{"loc":{"start":{"line":43,"column":7},"end":{"line":47,"column":7}},"type":"cond-expr","locations":[{"start":{"line":44,"column":8},"end":{"line":44,"column":47}},{"start":{"line":46,"column":8},"end":{"line":46,"column":58}}],"line":43}},"s":{"0":2,"1":5,"2":5,"3":5,"4":5,"5":5,"6":4,"7":5,"8":0,"9":5,"10":0,"11":0,"12":5,"13":1,"14":5},"f":{"0":5,"1":4,"2":0,"3":0,"4":1},"b":{"0":[1,4],"1":[1,4]},"_coverageSchema":"1a1c01bbd47fc00a2c39e90264f33305004495a9","hash":"42e5a52f8ac816f71338f64380e282fc122a212b"}
}
