TN:
SF:src/App.js
FN:9,(anonymous_0)
FNF:1
FNH:0
FNDA:0,(anonymous_0)
DA:9,1
DA:10,0
DA:11,0
DA:12,0
DA:13,0
LF:5
LH:1
BRDA:11,0,0,0
BRDA:11,0,1,0
BRDA:12,1,0,0
BRDA:12,1,1,0
BRF:4
BRH:0
end_of_record
TN:
SF:src/Child.js
FN:4,(anonymous_0)
FN:7,(anonymous_1)
FNF:2
FNH:2
FNDA:2,(anonymous_0)
FNDA:2,(anonymous_1)
DA:4,3
DA:5,2
DA:6,2
DA:7,2
DA:8,2
DA:11,2
LF:6
LH:6
BRF:0
BRH:0
end_of_record
TN:
SF:src/Header.js
FN:4,(anonymous_0)
FNF:1
FNH:1
FNDA:6,(anonymous_0)
DA:4,3
DA:5,6
LF:2
LH:2
BRF:0
BRH:0
end_of_record
TN:
SF:src/Loading.js
FN:4,(anonymous_0)
FNF:1
FNH:1
FNDA:1,(anonymous_0)
DA:4,1
DA:5,1
LF:2
LH:2
BRF:0
BRH:0
end_of_record
TN:
SF:src/Login.js
FN:5,(anonymous_0)
FN:6,(anonymous_1)
FNF:2
FNH:1
FNDA:1,(anonymous_0)
FNDA:0,(anonymous_1)
DA:5,1
DA:6,1
DA:7,0
DA:9,1
LF:4
LH:3
BRF:0
BRH:0
end_of_record
TN:
SF:src/Parent.js
FN:8,(anonymous_0)
FN:14,(anonymous_1)
FN:18,(anonymous_2)
FN:22,(anonymous_3)
FN:27,(anonymous_4)
FNF:5
FNH:3
FNDA:5,(anonymous_0)
FNDA:4,(anonymous_1)
FNDA:0,(anonymous_2)
FNDA:0,(anonymous_3)
FNDA:1,(anonymous_4)
DA:8,2
DA:9,5
DA:10,5
DA:11,5
DA:12,5
DA:14,5
DA:15,4
DA:18,5
DA:19,0
DA:22,5
DA:23,0
DA:24,0
DA:27,5
DA:28,1
DA:30,5
LF:15
LH:12
BRDA:35,0,0,1
BRDA:35,0,1,4
BRDA:43,1,0,1
BRDA:43,1,1,4
BRF:4
BRH:4
end_of_record
